0 info it worked if it ends with ok
1 verbose cli [ 'C:\\Program Files\\nodejs\\node.exe',
1 verbose cli   'C:\\Program Files\\nodejs\\node_modules\\npm\\bin\\npm-cli.js',
1 verbose cli   'run',
1 verbose cli   'watch' ]
2 info using npm@2.14.7
3 info using node@v4.2.1
4 verbose run-script [ 'prewatch', 'watch', 'postwatch' ]
5 info prewatch xueer-fe@0.0.1
6 info watch xueer-fe@0.0.1
7 verbose unsafe-perm in lifecycle true
8 info xueer-fe@0.0.1 Failed to exec watch script
9 verbose stack Error: xueer-fe@0.0.1 watch: `parallelshell 'npm run watch:css' 'npm run watch:js' 'npm run livereload'`
9 verbose stack Exit status 1
9 verbose stack     at EventEmitter.<anonymous> (C:\Program Files\nodejs\node_modules\npm\lib\utils\lifecycle.js:214:16)
9 verbose stack     at emitTwo (events.js:87:13)
9 verbose stack     at EventEmitter.emit (events.js:172:7)
9 verbose stack     at ChildProcess.<anonymous> (C:\Program Files\nodejs\node_modules\npm\lib\utils\spawn.js:24:14)
9 verbose stack     at emitTwo (events.js:87:13)
9 verbose stack     at ChildProcess.emit (events.js:172:7)
9 verbose stack     at maybeClose (internal/child_process.js:818:16)
9 verbose stack     at Process.ChildProcess._handle.onexit (internal/child_process.js:211:5)
10 verbose pkgid xueer-fe@0.0.1
11 verbose cwd F:\xueer_fe\app\src\scss\pages
12 error Windows_NT 10.0.10240
13 error argv "C:\\Program Files\\nodejs\\node.exe" "C:\\Program Files\\nodejs\\node_modules\\npm\\bin\\npm-cli.js" "run" "watch"
14 error node v4.2.1
15 error npm  v2.14.7
16 error code ELIFECYCLE
17 error xueer-fe@0.0.1 watch: `parallelshell 'npm run watch:css' 'npm run watch:js' 'npm run livereload'`
17 error Exit status 1
18 error Failed at the xueer-fe@0.0.1 watch script 'parallelshell 'npm run watch:css' 'npm run watch:js' 'npm run livereload''.
18 error This is most likely a problem with the xueer-fe package,
18 error not with npm itself.
18 error Tell the author that this fails on your system:
18 error     parallelshell 'npm run watch:css' 'npm run watch:js' 'npm run livereload'
18 error You can get their info via:
18 error     npm owner ls xueer-fe
18 error There is likely additional logging output above.
19 verbose exit [ 1, true ]
