0 info it worked if it ends with ok
1 verbose cli [ 'c:\\Program Files\\nodejs\\node.exe',
1 verbose cli   'c:\\Program Files\\nodejs\\node_modules\\npm\\bin\\npm-cli.js',
1 verbose cli   'run',
1 verbose cli   'build:css' ]
2 info using npm@2.14.7
3 info using node@v4.2.1
4 verbose run-script [ 'prebuild:css', 'build:css', 'postbuild:css' ]
5 info prebuild:css xueer-fe@0.0.1
6 info build:css xueer-fe@0.0.1
7 verbose unsafe-perm in lifecycle true
8 info xueer-fe@0.0.1 Failed to exec build:css script
9 verbose stack Error: xueer-fe@0.0.1 build:css: `node-sass  --output-style compressed scss/pages/ --output ../static/css`
9 verbose stack Exit status 1
9 verbose stack     at EventEmitter.<anonymous> (c:\Program Files\nodejs\node_modules\npm\lib\utils\lifecycle.js:214:16)
9 verbose stack     at emitTwo (events.js:87:13)
9 verbose stack     at EventEmitter.emit (events.js:172:7)
9 verbose stack     at ChildProcess.<anonymous> (c:\Program Files\nodejs\node_modules\npm\lib\utils\spawn.js:24:14)
9 verbose stack     at emitTwo (events.js:87:13)
9 verbose stack     at ChildProcess.emit (events.js:172:7)
9 verbose stack     at maybeClose (internal/child_process.js:818:16)
9 verbose stack     at Process.ChildProcess._handle.onexit (internal/child_process.js:211:5)
10 verbose pkgid xueer-fe@0.0.1
11 verbose cwd h:\web\program\xueer_fe\app\src
12 error Windows_NT 6.3.9600
13 error argv "c:\\Program Files\\nodejs\\node.exe" "c:\\Program Files\\nodejs\\node_modules\\npm\\bin\\npm-cli.js" "run" "build:css"
14 error node v4.2.1
15 error npm  v2.14.7
16 error code ELIFECYCLE
17 error xueer-fe@0.0.1 build:css: `node-sass  --output-style compressed scss/pages/ --output ../static/css`
17 error Exit status 1
18 error Failed at the xueer-fe@0.0.1 build:css script 'node-sass  --output-style compressed scss/pages/ --output ../static/css'.
18 error This is most likely a problem with the xueer-fe package,
18 error not with npm itself.
18 error Tell the author that this fails on your system:
18 error     node-sass  --output-style compressed scss/pages/ --output ../static/css
18 error You can get their info via:
18 error     npm owner ls xueer-fe
18 error There is likely additional logging output above.
19 verbose exit [ 1, true ]
